\BOOKMARK [1][-]{section.1}{\376\377\000C\001\241\000\040\000s\036\337\000\040\000l\000\375\000\040\000t\000h\000u\000y\036\277\000t}{}% 1
\BOOKMARK [2][-]{subsection.1.1}{\376\377\000B\000u\000s\000i\000n\000e\000s\000s\000\040\000P\000r\000o\000j\000e\000c\000t\000\040\000E\000v\000a\000l\000u\000a\000t\000i\000o\000n}{section.1}% 2
\BOOKMARK [3][-]{subsubsection.1.1.1}{\376\377\000T\000h\036\335\000i\000\040\000g\000i\000a\000n\000\040\000c\000h\000u\000\040\000k\036\363}{subsection.1.1}% 3
\BOOKMARK [3][-]{subsubsection.1.1.2}{\376\377\000C\000h\000i\000\040\000p\000h\000\355}{subsection.1.1}% 4
\BOOKMARK [3][-]{subsubsection.1.1.3}{\376\377\001\020\036\331\000\040\000m\000i\000n\000h\000\040\000b\036\241\000c\000h}{subsection.1.1}% 5
\BOOKMARK [3][-]{subsubsection.1.1.4}{\376\377\000X\036\355\000\040\000l\000\375\000\040\000n\000g\000o\036\241\000i\000\040\000l\036\307}{subsection.1.1}% 6
\BOOKMARK [3][-]{subsubsection.1.1.5}{\376\377\001\020\036\331\000\040\000l\000i\000n\000h\000\040\000h\000o\036\241\000t}{subsection.1.1}% 7
\BOOKMARK [3][-]{subsubsection.1.1.6}{\376\377\000C\000h\036\245\000t\000\040\000l\001\260\036\343\000n\000g}{subsection.1.1}% 8
\BOOKMARK [2][-]{subsection.1.2}{\376\377\000P\000r\000o\000c\000e\000s\000s\000\040\000p\000o\000r\000t\000f\000o\000l\000i\000o}{section.1}% 9
\BOOKMARK [2][-]{subsection.1.3}{\376\377\000P\000r\000o\000c\000e\000s\000s\000\040\000s\000e\000l\000e\000c\000t\000i\000o\000n}{section.1}% 10
\BOOKMARK [3][-]{subsubsection.1.3.1}{\376\377\001\020\036\331\000\040\000q\000u\000a\000n\000\040\000t\000r\036\315\000n\000g\000\040\000c\000h\000i\036\277\000n\000\040\000l\001\260\036\343\000c}{subsection.1.3}% 11
\BOOKMARK [3][-]{subsubsection.1.3.2}{\376\377\000S\036\351\000c\000\040\000k\000h\036\317\000e}{subsection.1.3}% 12
\BOOKMARK [3][-]{subsubsection.1.3.3}{\376\377\000T\000\355\000n\000h\000\040\000k\000h\036\243\000\040\000t\000h\000i}{subsection.1.3}% 13
\BOOKMARK [2][-]{subsection.1.4}{\376\377\000S\000u\000r\000v\000e\000y}{section.1}% 14
\BOOKMARK [3][-]{subsubsection.1.4.1}{\376\377\000N\000g\000u\000y\000\352\000n\000\040\000t\036\257\000c\000\040\000t\000h\000i\036\277\000t\000\040\000k\036\277\000\040\000b\036\243\000n\000g\000\040\000k\000h\036\243\000o\000\040\000s\000\341\000t}{subsection.1.4}% 15
\BOOKMARK [3][-]{subsubsection.1.4.2}{\376\377\000Y\036\277\000u\000\040\000t\036\321\000\040\000k\000h\036\243\000o\000\040\000s\000\341\000t}{subsection.1.4}% 16
\BOOKMARK [3][-]{subsubsection.1.4.3}{\376\377\000P\000h\001\260\001\241\000n\000g\000\040\000p\000h\000\341\000p\000\040\000M\000U\000S\000A}{subsection.1.4}% 17
\BOOKMARK [3][-]{subsubsection.1.4.4}{\376\377\000T\000\355\000n\000h\000\040\000t\000o\000\341\000n\000\040\000k\036\277\000t\000\040\000q\000u\036\243\000\040\000k\000h\036\243\000o\000\040\000s\000\341\000t}{subsection.1.4}% 18
\BOOKMARK [3][-]{subsubsection.1.4.5}{\376\377\000T\000\355\000n\000h\000\040\000t\000o\000\341\000n\000\040\000g\000i\000\341\000\040\000t\000r\036\313\000\040\000c\000h\036\245\000t\000\040\000l\001\260\036\343\000n\000g\000\040\000c\036\347\000a\000\040\000q\000u\000y\000\040\000t\000r\000\354\000n\000h\000\040\000n\000g\000h\000i\036\307\000p\000\040\000v\036\345}{subsection.1.4}% 19
\BOOKMARK [3][-]{subsubsection.1.4.6}{\376\377\001\020\036\301\000\040\000x\000u\036\245\000t\000\040\000b\036\243\000n\000g\000\040\000k\000h\036\243\000o\000\040\000s\000\341\000t}{subsection.1.4}% 20
\BOOKMARK [1][-]{section.2}{\376\377\000P\000h\000\342\000n\000\040\000t\000\355\000c\000h\000\040\000v\000\340\000\040\000t\000h\000i\036\277\000t\000\040\000k\036\277\000\040\000h\036\307\000\040\000t\000h\036\321\000n\000g}{}% 21
\BOOKMARK [2][-]{subsection.2.1}{\376\377\000G\000i\036\333\000i\000\040\000t\000h\000i\036\307\000u\000\040\000h\036\307\000\040\000t\000h\036\321\000n\000g}{section.2}% 22
\BOOKMARK [2][-]{subsection.2.2}{\376\377\000K\000i\036\277\000n\000\040\000t\000r\000\372\000c\000\040\000p\000h\036\247\000n\000\040\000m\036\301\000m}{section.2}% 23
\BOOKMARK [2][-]{subsection.2.3}{\376\377\000U\000s\000e\000-\000c\000a\000s\000e}{section.2}% 24
\BOOKMARK [3][-]{subsubsection.2.3.1}{\376\377\000L\001\260\036\343\000c\000\040\001\021\036\323\000\040\000u\000s\000e\000-\000c\000a\000s\000e}{subsection.2.3}% 25
\BOOKMARK [3][-]{subsubsection.2.3.2}{\376\377\001\020\036\267\000c\000\040\000t\036\243\000\040\000u\000s\000e\000-\000c\000a\000s\000e}{subsection.2.3}% 26
\BOOKMARK [3][-]{subsubsection.2.3.3}{\376\377\000C\000r\000e\000a\000t\000e\000\040\000n\000e\000w\000\040\000w\000o\000r\000k\000s\000p\000a\000c\000e}{subsection.2.3}% 27
\BOOKMARK [3][-]{subsubsection.2.3.4}{\376\377\000J\000o\000i\000n\000\040\000w\000o\000r\000k\000s\000p\000a\000c\000e\000\040\000t\000h\000r\000o\000u\000g\000h\000\040\000i\000n\000v\000i\000t\000a\000t\000i\000o\000n}{subsection.2.3}% 28
\BOOKMARK [3][-]{subsubsection.2.3.5}{\376\377\000V\000i\000e\000w\000\040\000u\000s\000e\000r\040\031\000s\000\040\000l\000i\000s\000t\000\040\000o\000f\000\040\000w\000o\000r\000k\000s\000p\000a\000c\000e\000s}{subsection.2.3}% 29
\BOOKMARK [3][-]{subsubsection.2.3.6}{\376\377\000A\000c\000c\000e\000s\000s\000\040\000t\000o\000\040\000p\000r\000o\000j\000e\000c\000t\000s\000'\000\040\000c\000o\000n\000t\000e\000n\000t\000\040\000i\000n\000\040\000s\000e\000l\000e\000c\000t\000e\000d\000\040\000w\000o\000r\000k\000s\000p\000a\000c\000e}{subsection.2.3}% 30
\BOOKMARK [3][-]{subsubsection.2.3.7}{\376\377\000S\000e\000n\000d\000\040\000r\000e\000q\000u\000e\000s\000t\000\040\000f\000o\000r\000\040\000i\000n\000v\000i\000t\000i\000n\000g\000\040\000o\000t\000h\000e\000r\000\040\000u\000s\000e\000r}{subsection.2.3}% 31
\BOOKMARK [3][-]{subsubsection.2.3.8}{\376\377\000S\000e\000n\000d\000\040\000r\000e\000q\000u\000e\000s\000t\000\040\000f\000o\000r\000\040\000a\000d\000j\000u\000s\000t\000\040\000p\000e\000r\000m\000i\000s\000s\000i\000o\000n}{subsection.2.3}% 32
\BOOKMARK [3][-]{subsubsection.2.3.9}{\376\377\000D\000e\000l\000e\000t\000e\000\040\000m\000e\000m\000b\000e\000r\000\040\000i\000n\000\040\000W\000o\000r\000k\000s\000p\000a\000c\000e}{subsection.2.3}% 33
\BOOKMARK [3][-]{subsubsection.2.3.10}{\376\377\000M\000a\000n\000a\000g\000e\000\040\000r\000e\000q\000u\000e\000s\000t\000s\000\040\000f\000r\000o\000m\000\040\000m\000e\000m\000b\000e\000r}{subsection.2.3}% 34
\BOOKMARK [3][-]{subsubsection.2.3.11}{\376\377\000C\000r\000e\000a\000t\000e\000\040\000n\000e\000w\000\040\000p\000r\000o\000j\000e\000c\000t}{subsection.2.3}% 35
\BOOKMARK [3][-]{subsubsection.2.3.12}{\376\377\000D\000e\000l\000e\000t\000e\000\040\000p\000r\000o\000j\000e\000c\000t\000\040\000i\000n\000\040\000W\000o\000r\000k\000s\000p\000a\000c\000e}{subsection.2.3}% 36
\BOOKMARK [3][-]{subsubsection.2.3.13}{\376\377\000S\000e\000n\000d\000\040\000i\000n\000v\000i\000t\000a\000t\000i\000o\000n\000\040\000t\000o\000\040\000o\000t\000h\000e\000r\000\040\000u\000s\000e\000r\000s}{subsection.2.3}% 37
\BOOKMARK [2][-]{subsection.2.4}{\376\377\000S\001\241\000\040\001\021\036\323\000\040\000h\000o\036\241\000t\000\040\001\021\036\331\000n\000g}{section.2}% 38
\BOOKMARK [3][-]{subsubsection.2.4.1}{\376\377\000T\036\241\000o\000\040\000m\036\333\000i\000\040\000w\000o\000r\000k\000s\000p\000a\000c\000e}{subsection.2.4}% 39
\BOOKMARK [3][-]{subsubsection.2.4.2}{\376\377\000X\000o\000\341\000\040\000w\000o\000r\000k\000s\000p\000a\000c\000e}{subsection.2.4}% 40
\BOOKMARK [3][-]{subsubsection.2.4.3}{\376\377\000X\000o\000\341\000\040\000t\000h\000\340\000n\000h\000\040\000v\000i\000\352\000n\000\040\000k\000h\036\317\000i\000\040\000W\000o\000r\000k\000s\000p\000a\000c\000e}{subsection.2.4}% 41
\BOOKMARK [3][-]{subsubsection.2.4.4}{\376\377\000Q\000u\036\243\000n\000\040\000l\000\375\000\040\000r\000e\000q\000u\000e\000s\000t\000s\000\040\000t\000r\000o\000n\000g\000\040\000W\000o\000r\000k\000s\000p\000a\000c\000e}{subsection.2.4}% 42
\BOOKMARK [3][-]{subsubsection.2.4.5}{\376\377\000T\000h\000a\000y\000\040\001\021\036\325\000i\000\040\000q\000u\000y\036\301\000n\000\040\000c\036\347\000a\000\040\000t\000h\000\340\000n\000h\000\040\000v\000i\000\352\000n\000\040\000t\000r\000o\000n\000g\000\040\000W\000o\000r\000k\000s\000p\000a\000c\000e}{subsection.2.4}% 43
\BOOKMARK [3][-]{subsubsection.2.4.6}{\376\377\000T\036\241\000o\000\040\000m\036\333\000i\000\040\000p\000r\000o\000j\000e\000c\000t\000\040\000t\000r\000o\000n\000g\000\040\000W\000o\000r\000k\000s\000p\000a\000c\000e}{subsection.2.4}% 44
\BOOKMARK [3][-]{subsubsection.2.4.7}{\376\377\000X\000o\000\341\000\040\000p\000r\000o\000j\000e\000c\000t\000\040\000t\000r\000o\000n\000g\000\040\000W\000o\000r\000k\000s\000p\000a\000c\000e}{subsection.2.4}% 45
\BOOKMARK [3][-]{subsubsection.2.4.8}{\376\377\000G\036\355\000i\000\040\000l\036\335\000i\000\040\000m\036\335\000i\000\040\000t\000r\036\361\000c\000\040\000t\000i\036\277\000p\000\040\001\021\036\277\000n\000\040\000c\000h\000o\000\040\000u\000s\000e\000r}{subsection.2.4}% 46
\BOOKMARK [2][-]{subsection.2.5}{\376\377\000S\001\241\000\040\001\021\036\323\000\040\000l\036\333\000p}{section.2}% 47
\BOOKMARK [3][-]{subsubsection.2.5.1}{\376\377\000T\036\325\000n\000g\000\040\000q\000u\000a\000n}{subsection.2.5}% 48
\BOOKMARK [3][-]{subsubsection.2.5.2}{\376\377\000P\000r\000e\000s\000e\000n\000t\000a\000t\000i\000o\000n\000\040\000L\000a\000y\000e\000r}{subsection.2.5}% 49
\BOOKMARK [3][-]{subsubsection.2.5.3}{\376\377\000B\000u\000s\000i\000n\000e\000s\000s\000\040\000L\000a\000y\000e\000r}{subsection.2.5}% 50
\BOOKMARK [3][-]{subsubsection.2.5.4}{\376\377\000P\000e\000r\000s\000i\000s\000t\000e\000n\000c\000e\000\040\000L\000a\000y\000e\000r}{subsection.2.5}% 51
\BOOKMARK [2][-]{subsection.2.6}{\376\377\000T\000h\000i\036\277\000t\000\040\000k\036\277\000\040\000c\001\241\000\040\000s\036\337\000\040\000d\036\357\000\040\000l\000i\036\307\000u}{section.2}% 52
\BOOKMARK [3][-]{subsubsection.2.6.1}{\376\377\000L\001\260\036\343\000c\000\040\001\021\036\323\000\040\000E\000R\000D}{subsection.2.6}% 53
\BOOKMARK [3][-]{subsubsection.2.6.2}{\376\377\000\301\000n\000h\000\040\000x\036\241\000\040\000E\000R\000D\000\040\000v\000\340\000\040\000m\000\364\000\040\000t\036\243\000\040\000c\000h\000i\000\040\000t\000i\036\277\000t\000\040\000t\000h\036\361\000c\000\040\000t\000h\036\303}{subsection.2.6}% 54
\BOOKMARK [1][-]{section.3}{\376\377\000H\000i\036\307\000n\000\040\000t\000h\036\361\000c\000\040\000h\036\307\000\040\000t\000h\036\321\000n\000g}{}% 55
\BOOKMARK [2][-]{subsection.3.1}{\376\377\000C\000\364\000n\000g\000\040\000n\000g\000h\036\307\000\040\000s\036\355\000\040\000d\036\345\000n\000g}{section.3}% 56
\BOOKMARK [3][-]{subsubsection.3.1.1}{\376\377\000R\000e\000a\000c\000t\000J\000S}{subsection.3.1}% 57
\BOOKMARK [3][-]{subsubsection.3.1.2}{\376\377\000P\000y\000t\000h\000o\000n}{subsection.3.1}% 58
\BOOKMARK [3][-]{subsubsection.3.1.3}{\376\377\000W\000e\000b\000s\000o\000c\000k\000e\000t\000\040\000v\000\340\000\040\000S\000o\000c\000k\000e\000t\000.\000I\000O}{subsection.3.1}% 59
\BOOKMARK [3][-]{subsubsection.3.1.4}{\376\377\000P\000o\000s\000t\000g\000r\000e\000S\000Q\000L}{subsection.3.1}% 60
\BOOKMARK [2][-]{subsection.3.2}{\376\377\000H\000i\036\307\000n\000\040\000t\000h\036\361\000c\000\040\000g\000i\000a\000o\000\040\000d\000i\036\307\000n\000\040\000n\000g\001\260\036\335\000i\000\040\000d\000\371\000n\000g}{section.3}% 61
\BOOKMARK [2][-]{subsection.3.3}{\376\377\000K\036\277\000t\000\040\000l\000u\036\255\000n}{section.3}% 62
\BOOKMARK [3][-]{subsubsection.3.3.1}{\376\377\000K\036\277\000t\000\040\000q\000u\036\243\000\040\001\021\036\241\000t\000\040\001\021\001\260\036\343\000c}{subsection.3.3}% 63
\BOOKMARK [3][-]{subsubsection.3.3.2}{\376\377\000N\000h\036\357\000n\000g\000\040\001\021\000i\036\303\000m\000\040\000h\036\241\000n\000\040\000c\000h\036\303}{subsection.3.3}% 64
\BOOKMARK [3][-]{subsubsection.3.3.3}{\376\377\000H\001\260\036\333\000n\000g\000\040\000p\000h\000\341\000t\000\040\000t\000r\000i\036\303\000n\000\040\000c\000h\000o\000\040\000g\000i\000a\000i\000\040\001\021\000o\036\241\000n\000\040\000l\000u\036\255\000n\000\040\000v\001\003\000n}{subsection.3.3}% 65
\BOOKMARK [1][-]{section.4}{\376\377\000T\000h\000a\000m\000\040\000k\000h\036\243\000o}{}% 66
